2021/04/13 16:49:32 {"callers":["/root/go-programming-tour-book/blog_service/main.go: 21 main.init.0"],"level":"info","message":"zdf: go-programming-tour-book/blog-service","time":1618303772605078731}
2021/04/14 19:21:21 {"callers":["D:/go_mod/go-programming-tour-book/blog_service/main.go: 21 main.init.0"],"level":"info","message":"zdf: go-programming-tour-book/blog-service","time":1618399281517551800}
2021/04/14 19:23:40 {"callers":["/root/go-programming-tour-book/blog_service/main.go: 21 main.init.0"],"level":"info","message":"zdf: go-programming-tour-book/blog-service","time":1618399420310277494}
2021/04/14 19:26:48 {"callers":["/root/go-programming-tour-book/blog_service/main.go: 21 main.init.0"],"level":"info","message":"zdf: go-programming-tour-book/blog-service","time":1618399608135000365}
2021/04/14 19:29:56 {"callers":["/root/go-programming-tour-book/blog_service/main.go: 21 main.init.0"],"level":"info","message":"zdf: go-programming-tour-book/blog-service","time":1618399796625491015}
2021/04/14 19:30:30 {"callers":["/root/go-programming-tour-book/blog_service/main.go: 21 main.init.0"],"level":"info","message":"zdf: go-programming-tour-book/blog-service","time":1618399830998368999}
2021/04/14 20:43:56 {"callers":["/root/go-programming-tour-book/blog_service/main.go: 21 main.init.0"],"level":"info","message":"zdf: go-programming-tour-book/blog-service","time":1618404236901264759}
2021/04/15 09:23:14 {"callers":["/root/go-programming-tour-book/blog_service/main.go: 21 main.init.0"],"level":"info","message":"zdf: go-programming-tour-book/blog-service","time":1618449794835449916}
2021/04/15 09:24:05 {"callers":["/root/go-programming-tour-book/blog_service/main.go: 21 main.init.0"],"level":"error","message":"app.BindAndValid errs: State必须是[0 1]中的一个","time":1618449845222845280}
2021/04/15 09:24:45 {"callers":["/root/go-programming-tour-book/blog_service/main.go: 21 main.init.0"],"level":"error","message":"app.BindAndValid errs: State必须是[0 1]中的一个","time":1618449885649942552}
2021/04/15 20:28:12 {"callers":["/root/go-programming-tour-book/blog_service/main.go: 21 main.init.0"],"level":"info","message":"zdf: go-programming-tour-book/blog-service","time":1618489692826935660}
2021/04/15 20:29:55 {"callers":["/root/go-programming-tour-book/blog_service/main.go: 21 main.init.0"],"level":"error","message":"app.BindAndValid errs: Name长度必须至少为3个字符","time":1618489795102054692}
2021/04/15 20:32:57 {"callers":["/root/go-programming-tour-book/blog_service/main.go: 21 main.init.0"],"level":"info","message":"zdf: go-programming-tour-book/blog-service","time":1618489977322544004}
2021/04/15 20:38:53 {"callers":["/root/go-programming-tour-book/blog_service/main.go: 21 main.init.0"],"level":"error","message":"app.BindAndValid errs: Name长度必须至少为3个字符,State为必填字段","time":1618490333386232160}
2021/04/15 20:40:46 {"callers":["/root/go-programming-tour-book/blog_service/main.go: 21 main.init.0"],"level":"info","message":"zdf: go-programming-tour-book/blog-service","time":1618490446655805888}
2021/04/15 20:40:53 {"callers":["/root/go-programming-tour-book/blog_service/main.go: 21 main.init.0"],"level":"error","message":"app.BindAndValid errs: State为必填字段","time":1618490453697737677}
2021/04/15 20:42:26 {"callers":["/root/go-programming-tour-book/blog_service/main.go: 21 main.init.0"],"level":"info","message":"zdf: go-programming-tour-book/blog-service","time":1618490546475292568}
2021/04/15 20:47:06 {"callers":["/root/go-programming-tour-book/blog_service/main.go: 21 main.init.0"],"level":"info","message":"zdf: go-programming-tour-book/blog-service","time":1618490826505969324}
2021/04/15 20:49:12 {"callers":["/root/go-programming-tour-book/blog_service/main.go: 21 main.init.0"],"level":"info","message":"zdf: go-programming-tour-book/blog-service","time":1618490952861883938}
2021/04/15 20:52:12 {"callers":["/root/go-programming-tour-book/blog_service/main.go: 21 main.init.0"],"level":"info","message":"zdf: go-programming-tour-book/blog-service","time":1618491132841055717}
2021/04/15 20:55:35 {"callers":["/root/go-programming-tour-book/blog_service/main.go: 21 main.init.0"],"level":"info","message":"zdf: go-programming-tour-book/blog-service","time":1618491335619622793}
2021/04/15 21:00:43 {"callers":["/root/go-programming-tour-book/blog_service/main.go: 21 main.init.0"],"level":"info","message":"zdf: go-programming-tour-book/blog-service","time":1618491643779164174}
2021/04/16 09:02:32 {"callers":["/root/go-programming-tour-book/blog_service/main.go: 21 main.init.0"],"level":"info","message":"zdf: go-programming-tour-book/blog-service","time":1618534952109986219}
2021/04/16 09:03:34 {"callers":["/root/go-programming-tour-book/blog_service/main.go: 21 main.init.0"],"level":"error","message":"app.BindAndValid errs: ModifiedBy为必填字段","time":1618535014090748014}
2021/04/16 09:11:15 {"callers":["/root/go-programming-tour-book/blog_service/main.go: 21 main.init.0"],"level":"info","message":"zdf: go-programming-tour-book/blog-service","time":1618535475603453040}
2021/04/16 09:14:16 {"callers":["/root/go-programming-tour-book/blog_service/main.go: 21 main.init.0"],"level":"info","message":"zdf: go-programming-tour-book/blog-service","time":1618535656021361672}
2021/04/16 09:22:45 {"callers":["/root/go-programming-tour-book/blog_service/main.go: 21 main.init.0"],"level":"info","message":"zdf: go-programming-tour-book/blog-service","time":1618536165408372603}
2021/05/07 16:44:56 {"callers":["/root/go-programming-tour-book/blog_service/main.go: 21 main.init.0"],"level":"info","message":"zdf: go-programming-tour-book/blog-service","time":1620377096254303041}
2021/05/08 15:45:09 {"callers":["/root/go-programming-tour-book/blog_service/main.go: 21 main.init.0"],"level":"info","message":"zdf: go-programming-tour-book/blog-service","time":1620459909780400603}
2021/05/08 15:51:58 {"callers":["/root/go-programming-tour-book/blog_service/main.go: 21 main.init.0"],"level":"error","message":"app BindAndValid errs: Title为必填字段","time":1620460318815628126}
2021/05/08 15:52:21 {"callers":["/root/go-programming-tour-book/blog_service/main.go: 21 main.init.0"],"level":"error","message":"app BindAndValid errs: Title为必填字段","time":1620460341863381592}
2021/05/08 15:58:07 {"callers":["/root/go-programming-tour-book/blog_service/main.go: 21 main.init.0"],"level":"info","message":"zdf: go-programming-tour-book/blog-service","time":1620460687070483571}
2021/05/08 16:51:26 {"callers":["/root/go-programming-tour-book/blog_service/main.go: 21 main.init.0"],"level":"error","message":"app BindAndValid errs: Title长度必须至少为3个字符,ModifiedBy为必填字段","time":1620463886011516710}
2021/05/08 16:54:12 {"callers":["/root/go-programming-tour-book/blog_service/main.go: 21 main.init.0"],"level":"error","message":"app BindAndValid errs: Title长度必须至少为3个字符","time":1620464052683829218}
2021/05/08 16:55:06 {"callers":["/root/go-programming-tour-book/blog_service/main.go: 21 main.init.0"],"level":"info","message":"zdf: go-programming-tour-book/blog-service","time":1620464106350225774}
2021/05/08 16:55:40 {"callers":["/root/go-programming-tour-book/blog_service/main.go: 21 main.init.0"],"level":"info","message":"zdf: go-programming-tour-book/blog-service","time":1620464140765865368}
2021/05/08 16:55:44 {"callers":["/root/go-programming-tour-book/blog_service/main.go: 21 main.init.0"],"level":"error","message":"app BindAndValid errs: Title长度必须至少为3个字符","time":1620464144476425632}
2021/05/08 16:56:04 {"callers":["/root/go-programming-tour-book/blog_service/main.go: 21 main.init.0"],"level":"info","message":"zdf: go-programming-tour-book/blog-service","time":1620464164905034468}
2021/05/09 15:08:55 {"callers":["D:/go_mod/go-programming-tour-book/blog_service/main.go: 21 main.init.0"],"level":"info","message":"zdf: go-programming-tour-book/blog-service","time":1620544135748601400}
2021/05/09 15:19:37 {"callers":["/root/go-programming-tour-book/blog_service/main.go: 21 main.init.0"],"level":"info","message":"zdf: go-programming-tour-book/blog-service","time":1620544777290299169}
2021/05/09 17:06:41 {"callers":["/root/go-programming-tour-book/blog_service/main.go: 21 main.init.0"],"level":"info","message":"zdf: go-programming-tour-book/blog-service","time":1620551201895564106}
2021/05/09 17:08:29 {"callers":["/root/go-programming-tour-book/blog_service/main.go: 21 main.init.0"],"level":"error","message":"app.BindAndValid errs: AppKey为必填字段,AppSecret为必填字段","time":1620551309590209049}
2021/05/09 17:09:24 {"callers":["/root/go-programming-tour-book/blog_service/main.go: 21 main.init.0"],"level":"error","message":"app.BindAndValid errs: AppKey为必填字段,AppSecret为必填字段","time":1620551364161620659}
2021/05/09 17:10:37 {"callers":["/root/go-programming-tour-book/blog_service/main.go: 21 main.init.0"],"level":"error","message":"app.BindAndValid errs: AppKey为必填字段,AppSecret为必填字段","time":1620551437577557065}
2021/05/09 17:11:45 {"callers":["/root/go-programming-tour-book/blog_service/main.go: 21 main.init.0"],"level":"error","message":"app.BindAndValid errs: AppKey为必填字段,AppSecret为必填字段","time":1620551505093072484}
2021/05/09 17:14:34 {"callers":["/root/go-programming-tour-book/blog_service/main.go: 21 main.init.0"],"level":"info","message":"zdf: go-programming-tour-book/blog-service","time":1620551674936843325}
2021/05/09 17:14:39 {"callers":["/root/go-programming-tour-book/blog_service/main.go: 21 main.init.0"],"level":"error","message":"app.BindAndValid errs: AppKey为必填字段,AppSecret为必填字段","time":1620551679022510131}
2021/05/09 17:17:46 {"callers":["/root/go-programming-tour-book/blog_service/main.go: 21 main.init.0"],"level":"error","message":"app.BindAndValid errs: AppKey为必填字段,AppSecret为必填字段","time":1620551866917150540}
2021/05/09 17:20:44 {"callers":["/root/go-programming-tour-book/blog_service/main.go: 21 main.init.0"],"level":"error","message":"app.BindAndValid errs: AppKey为必填字段,AppSecret为必填字段","time":1620552044916166238}
2021/05/09 18:23:19 {"callers":["/root/go-programming-tour-book/blog_service/main.go: 21 main.init.0"],"level":"info","message":"zdf: go-programming-tour-book/blog-service","time":1620555799975948588}
2021/05/10 11:28:35 {"callers":["/root/go-programming-tour-book/blog_service/main.go: 21 main.init.0"],"level":"info","message":"zdf: go-programming-tour-book/blog-service","time":1620617315234141464}
2021/05/10 14:11:42 {"callers":["/root/go-programming-tour-book/blog_service/main.go: 21 main.init.0"],"level":"info","message":"zdf: go-programming-tour-book/blog-service","time":1620627102062845451}
2021/05/10 14:13:21 {"callers":["/root/go-programming-tour-book/blog_service/main.go: 21 main.init.0"],"level":"info","message":"zdf: go-programming-tour-book/blog-service","time":1620627201292889978}
2021/05/10 14:15:11 {"callers":["/root/go-programming-tour-book/blog_service/main.go: 21 main.init.0"],"level":"info","message":"zdf: go-programming-tour-book/blog-service","time":1620627311021011453}
2021/05/10 14:17:22 {"callers":["/root/go-programming-tour-book/blog_service/main.go: 21 main.init.0"],"level":"info","message":"zdf: go-programming-tour-book/blog-service","time":1620627442936628656}
2021/05/10 14:18:43 {"callers":["/root/go-programming-tour-book/blog_service/main.go: 21 main.init.0"],"level":"info","message":"zdf: go-programming-tour-book/blog-service","time":1620627523115927385}
2021/05/10 14:21:17 {"callers":["/root/go-programming-tour-book/blog_service/main.go: 21 main.init.0"],"level":"info","message":"zdf: go-programming-tour-book/blog-service","time":1620627677037114204}
2021/05/10 14:22:56 {"callers":["/root/go-programming-tour-book/blog_service/main.go: 21 main.init.0"],"level":"info","message":"zdf: go-programming-tour-book/blog-service","time":1620627776091867377}
2021/05/10 14:30:33 {"callers":["/root/go-programming-tour-book/blog_service/main.go: 21 main.init.0"],"level":"info","message":"zdf: go-programming-tour-book/blog-service","time":1620628233883793821}
2021/05/10 14:34:21 {"callers":["/root/go-programming-tour-book/blog_service/main.go: 21 main.init.0"],"level":"info","message":"zdf: go-programming-tour-book/blog-service","time":1620628461642436361}
2021/05/10 14:35:25 {"callers":["/root/go-programming-tour-book/blog_service/main.go: 21 main.init.0"],"level":"info","message":"zdf: go-programming-tour-book/blog-service","time":1620628525724814941}
2021/05/10 14:41:49 {"callers":["/root/go-programming-tour-book/blog_service/main.go: 21 main.init.0"],"level":"info","message":"access log: method: GET, begin_time: 400, end_time: 1620628909%!(EXTRA int64=1620628909)","request":"","response":"{\"code\":10000001,\"msg\":\"入参错误\"}","time":1620628909855239326}
2021/05/10 14:45:02 {"callers":["/root/go-programming-tour-book/blog_service/main.go: 21 main.init.0"],"level":"info","message":"zdf: go-programming-tour-book/blog-service","time":1620629102263261651}
2021/05/10 14:45:08 {"callers":["/root/go-programming-tour-book/blog_service/main.go: 21 main.init.0"],"level":"info","message":"access log: method: GET, status_code: 400, begin_time: 1620629108, end_time: 1620629108","request":"","response":"{\"code\":10000001,\"msg\":\"入参错误\"}","time":1620629108319520500}
2021/05/10 14:47:12 {"callers":["/root/go-programming-tour-book/blog_service/main.go: 21 main.init.0"],"level":"info","message":"zdf: go-programming-tour-book/blog-service","time":1620629232408468998}
2021/05/10 14:47:16 {"callers":["/root/go-programming-tour-book/blog_service/main.go: 21 main.init.0"],"level":"info","message":"access log: method: GET, status_code: 400, begin_time: 1620629236, end_time: 1620629236","request":"","response":"{\"code\":10000001,\"msg\":\"入参错误\"}","time":1620629236678409486}
2021/05/10 14:49:55 {"callers":["/root/go-programming-tour-book/blog_service/main.go: 21 main.init.0"],"level":"info","message":"zdf: go-programming-tour-book/blog-service","time":1620629395706473136}
2021/05/10 14:49:57 {"callers":["/root/go-programming-tour-book/blog_service/main.go: 21 main.init.0"],"level":"info","message":"access log: method: GET, status_code: 400, begin_time: 1620629397, end_time: 1620629397","request":"","response":"{\"code\":10000001,\"msg\":\"入参错误\"}","time":1620629397549928542}
2021/05/10 14:52:48 {"callers":["/root/go-programming-tour-book/blog_service/main.go: 21 main.init.0"],"level":"info","message":"zdf: go-programming-tour-book/blog-service","time":1620629568891902002}
2021/05/10 14:52:52 {"callers":["/root/go-programming-tour-book/blog_service/main.go: 21 main.init.0"],"level":"info","message":"access log: method: GET, status_code: 400, begin_time: 1620629572, end_time: 1620629572","request":"","response":"{\"code\":10000001,\"msg\":\"入参错误\"}","time":1620629572326187337}
2021/05/10 15:01:51 {"callers":["/root/go-programming-tour-book/blog_service/main.go: 21 main.init.0"],"level":"info","message":"zdf: go-programming-tour-book/blog-service","time":1620630111515851783}
2021/05/10 15:01:54 {"callers":["/root/go-programming-tour-book/blog_service/main.go: 21 main.init.0"],"level":"info","message":"access log: method: GET, status_code: 400, begin_time: 1620630114, end_time: 1620630114","request":"","response":"{\"code\":10000001,\"msg\":\"入参错误\"}","time":1620630114182027842}
2021/05/10 15:02:38 {"callers":["/root/go-programming-tour-book/blog_service/main.go: 21 main.init.0"],"level":"info","message":"access log: method: GET, status_code: 400, begin_time: 1620630158, end_time: 1620630158","request":"","response":"{\"code\":10000001,\"msg\":\"入参错误\"}","time":1620630158054363523}
2021/05/10 15:04:34 {"callers":["/root/go-programming-tour-book/blog_service/main.go: 21 main.init.0"],"level":"info","message":"zdf: go-programming-tour-book/blog-service","time":1620630274410542594}
2021/05/10 15:04:37 {"callers":["/root/go-programming-tour-book/blog_service/main.go: 21 main.init.0"],"level":"info","message":"access log: method: GET, status_code: 400, begin_time: 1620630277, end_time: 1620630277","request":"","response":"{\"code\":10000001,\"msg\":\"入参错误\"}","time":1620630277300808636}
2021/05/10 15:05:26 {"callers":["/root/go-programming-tour-book/blog_service/main.go: 21 main.init.0"],"level":"info","message":"access log: method: GET, status_code: 400, begin_time: 1620630326, end_time: 1620630326","request":"","response":"{\"code\":10000001,\"msg\":\"入参错误\"}","time":1620630326533858111}
2021/05/10 15:07:08 {"callers":["/root/go-programming-tour-book/blog_service/main.go: 21 main.init.0"],"level":"info","message":"access log: method: GET, status_code: 400, begin_time: 1620630428, end_time: 1620630428","request":"","response":"{\"code\":10000001,\"msg\":\"入参错误\"}","time":1620630428819473619}
2021/05/10 15:07:41 {"callers":["/root/go-programming-tour-book/blog_service/main.go: 21 main.init.0"],"level":"info","message":"access log: method: GET, status_code: 400, begin_time: 1620630461, end_time: 1620630461","request":"","response":"{\"code\":10000001,\"msg\":\"入参错误\"}","time":1620630461620815900}
2021/05/10 15:12:39 {"callers":["/root/go-programming-tour-book/blog_service/main.go: 21 main.init.0"],"level":"info","message":"access log: method: GET, status_code: 400, begin_time: 1620630759, end_time: 1620630759","request":"","response":"{\"code\":10000001,\"msg\":\"入参错误\"}","time":1620630759268516904}
2021/05/10 15:12:52 {"callers":["/root/go-programming-tour-book/blog_service/main.go: 21 main.init.0"],"level":"info","message":"access log: method: GET, status_code: 400, begin_time: 1620630772, end_time: 1620630772","request":"","response":"{\"code\":10000001,\"msg\":\"入参错误\"}","time":1620630772949003633}
2021/05/10 15:15:21 {"callers":["/root/go-programming-tour-book/blog_service/main.go: 21 main.init.0"],"level":"info","message":"zdf: go-programming-tour-book/blog-service","time":1620630921530587896}
2021/05/10 15:15:27 {"callers":["/root/go-programming-tour-book/blog_service/main.go: 21 main.init.0"],"level":"info","message":"access log: method: GET, status_code: 400, begin_time: 1620630927, end_time: 1620630927","request":"","response":"{\"code\":10000001,\"msg\":\"入参错误\"}","time":1620630927682288387}
2021/05/10 15:16:07 {"callers":["/root/go-programming-tour-book/blog_service/main.go: 21 main.init.0"],"level":"info","message":"zdf: go-programming-tour-book/blog-service","time":1620630967777684096}
2021/05/10 15:25:56 {"callers":["/root/go-programming-tour-book/blog_service/main.go: 21 main.init.0"],"level":"error","message":"app.BindAndValid errs: AppSecret为必填字段","time":1620631556377900247}
2021/05/10 15:25:56 {"callers":["/root/go-programming-tour-book/blog_service/main.go: 21 main.init.0"],"level":"info","message":"access log: method: POST, status_code: 400, begin_time: 1620631556, end_time: 1620631556","request":"app_key=zhoudf\u0026app_secre=go-programming-tour-book","response":"{\"code\":10000001,\"details\":[\"AppSecret为必填字段\"],\"msg\":\"入参错误\"}","time":1620631556377980949}
2021/05/10 15:26:05 {"callers":["/root/go-programming-tour-book/blog_service/main.go: 21 main.init.0"],"level":"info","message":"access log: method: POST, status_code: 200, begin_time: 1620631565, end_time: 1620631565","request":"app_key=zhoudf\u0026app_secret=go-programming-tour-book","response":"{\"token\":\"eyJhbGciOiJIUzI1NiIsInR5cCI6IkpXVCJ9.eyJhcHBfa2V5IjoiOTVkM2UxNTI4MjliMDhiMGVjM2E1M2FlOWExNzAzZGYiLCJhcHBfc2VjcmV0IjoiN2M5NzI2NjMxNzBkNmJjMTg0ODRkMDViYzk4NzIyZjQiLCJleHAiOjE2MjA2Mzg3NjUsImlzcyI6ImJsb2ctc2VydmljZSJ9.swkLG4KnmIi6Iknzkq5NiruPv8cFp1Kt90s6rcc_cf8\"}","time":1620631565994298146}
2021/05/10 15:26:46 {"callers":["/root/go-programming-tour-book/blog_service/main.go: 21 main.init.0"],"level":"info","message":"access log: method: GET, status_code: 400, begin_time: 1620631606, end_time: 1620631606","request":"","response":"{\"code\":10000001,\"details\":[\"AppSecret为必填字段\"],\"msg\":\"入参错误\"}","time":1620631606073337846}
2021/05/10 15:28:28 {"callers":["/root/go-programming-tour-book/blog_service/main.go: 21 main.init.0"],"level":"info","message":"access log: method: GET, status_code: 400, begin_time: 1620631708, end_time: 1620631708","request":"","response":"{\"code\":10000001,\"details\":[\"AppSecret为必填字段\"],\"msg\":\"入参错误\"}","time":1620631708384631835}
2021/05/10 15:28:45 {"callers":["/root/go-programming-tour-book/blog_service/main.go: 21 main.init.0"],"level":"info","message":"zdf: go-programming-tour-book/blog-service","time":1620631725331816810}
2021/05/10 15:29:18 {"callers":["/root/go-programming-tour-book/blog_service/main.go: 21 main.init.0"],"level":"info","message":"access log: method: GET, status_code: 400, begin_time: 1620631758, end_time: 1620631758","request":"","response":"{\"code\":10000001,\"msg\":\"入参错误\"}","time":1620631758824448689}
2021/05/10 15:29:48 {"callers":["/root/go-programming-tour-book/blog_service/main.go: 21 main.init.0"],"level":"info","message":"access log: method: GET, status_code: 400, begin_time: 1620631788, end_time: 1620631788","request":"","response":"{\"code\":10000001,\"msg\":\"入参错误\"}","time":1620631788345196264}
2021/05/10 15:30:32 {"callers":["/root/go-programming-tour-book/blog_service/main.go: 21 main.init.0"],"level":"info","message":"access log: method: GET, status_code: 400, begin_time: 1620631832, end_time: 1620631832","request":"","response":"{\"code\":10000001,\"msg\":\"入参错误\"}","time":1620631832921229598}
2021/05/10 15:31:03 {"callers":["/root/go-programming-tour-book/blog_service/main.go: 21 main.init.0"],"level":"info","message":"access log: method: GET, status_code: 200, begin_time: 1620631863, end_time: 1620631863","request":"","response":"{\"list\":[{\"id\":1,\"created_by\":\"zdf\",\"modified_by\":\"\",\"created_on\":1618489980,\"modified_on\":1618489980,\"deleted_on\":0,\"is_del\":0,\"name\":\"Go\",\"state\":1},{\"id\":2,\"created_by\":\"zdf\",\"modified_by\":\"\",\"created_on\":1618490070,\"modified_on\":1618490070,\"deleted_on\":0,\"is_del\":0,\"name\":\"PHP\",\"state\":1}],\"pager\":{\"page\":1,\"page_szie\":10,\"total_rows\":2}}","time":1620631863161875753}
2021/05/10 15:31:38 {"callers":["/root/go-programming-tour-book/blog_service/main.go: 21 main.init.0"],"level":"info","message":"access log: method: GET, status_code: 500, begin_time: 1620631898, end_time: 1620631898","request":"","response":"{\"code\":10000000,\"msg\":\"服务内部错误\"}","time":1620631898832690413}
2021/05/10 15:32:35 {"callers":["/root/go-programming-tour-book/blog_service/main.go: 21 main.init.0"],"level":"info","message":"zdf: go-programming-tour-book/blog-service","time":1620631955761203422}
2021/05/10 15:32:51 {"callers":["/root/go-programming-tour-book/blog_service/main.go: 21 main.init.0"],"level":"error","message":"app.BindAndValid errs: AppSecret为必填字段","time":1620631971618650425}
2021/05/10 15:32:51 {"callers":["/root/go-programming-tour-book/blog_service/main.go: 21 main.init.0"],"level":"info","message":"access log: method: POST, status_code: 400, begin_time: 1620631971, end_time: 1620631971","request":"app_key=zhoudf\u0026app_secre=go-programming-tour-book","response":"{\"code\":10000001,\"details\":[\"AppSecret为必填字段\"],\"msg\":\"入参错误\"}","time":1620631971618776180}
2021/05/10 15:33:03 {"callers":["/root/go-programming-tour-book/blog_service/main.go: 21 main.init.0"],"level":"info","message":"access log: method: POST, status_code: 200, begin_time: 1620631983, end_time: 1620631983","request":"app_key=zhoudf\u0026app_secret=go-programming-tour-book","response":"{\"token\":\"eyJhbGciOiJIUzI1NiIsInR5cCI6IkpXVCJ9.eyJhcHBfa2V5IjoiOTVkM2UxNTI4MjliMDhiMGVjM2E1M2FlOWExNzAzZGYiLCJhcHBfc2VjcmV0IjoiN2M5NzI2NjMxNzBkNmJjMTg0ODRkMDViYzk4NzIyZjQiLCJleHAiOjE2MjA2MzkxODMsImlzcyI6ImJsb2ctc2VydmljZSJ9.TO-Z4TwK04CBgttxKFlsw9OCDqV0qMJH0nEVAcYWqN0\"}","time":1620631983802343061}
2021/05/10 15:51:30 {"callers":["/root/go-programming-tour-book/blog_service/main.go: 21 main.init.0"],"level":"info","message":"zdf: go-programming-tour-book/blog-service","time":1620633090617008903}
2021/05/10 15:51:33 {"callers":["/root/go-programming-tour-book/blog_service/main.go: 21 main.init.0"],"level":"panic","message":"svc.Get err: 主动发送一个panic","time":1620633093310557304}
2021/05/10 16:00:18 {"callers":["/root/go-programming-tour-book/blog_service/main.go: 21 main.init.0"],"level":"info","message":"zdf: go-programming-tour-book/blog-service","time":1620633618123826121}
2021/05/10 16:00:20 {"callers":["/root/go-programming-tour-book/blog_service/main.go: 21 main.init.0"],"level":"panic","message":"svc.Get err: 主动发送一个panic","time":1620633620478326634}
2021/05/10 16:00:20 {"callers":["/root/go-programming-tour-book/blog_service/main.go: 21 main.init.0"],"level":"panic","message":"recover info: 执行到recover中defer func()","time":1620633620478360217}
2021/05/10 16:04:10 {"callers":["/root/go-programming-tour-book/blog_service/main.go: 21 main.init.0"],"level":"info","message":"zdf: go-programming-tour-book/blog-service","time":1620633850616753759}
2021/05/10 16:04:13 {"callers":["/root/go-programming-tour-book/blog_service/main.go: 21 main.init.0"],"level":"panic","message":"svc.Get err: 主动发送一个panic","time":1620633853767177613}
2021/05/10 16:04:13 {"callers":["/root/go-programming-tour-book/blog_service/main.go: 21 main.init.0"],"level":"panic","message":"recover info: 执行到recover中defer func()","time":1620633853767236013}
2021/05/10 16:04:13 {"callers":["/root/go-programming-tour-book/blog_service/main.go: 21 main.init.0"],"level":"panic","message":"recover info: 获取到异常","time":1620633853767250309}
2021/05/10 16:06:40 {"callers":["/root/go-programming-tour-book/blog_service/main.go: 21 main.init.0"],"level":"info","message":"zdf: go-programming-tour-book/blog-service","time":1620634000620085326}
2021/05/10 16:06:43 {"callers":["/root/go-programming-tour-book/blog_service/main.go: 21 main.init.0"],"level":"panic","message":"svc.Get err: 主动发送一个panic","time":1620634003750052628}
2021/05/10 16:06:43 {"callers":["/root/go-programming-tour-book/blog_service/main.go: 21 main.init.0"],"level":"panic","message":"recover info: 执行到recover中defer func()","time":1620634003750115486}
2021/05/10 16:06:43 {"callers":["/root/go-programming-tour-book/blog_service/main.go: 21 main.init.0"],"level":"panic","message":"recover info: 获取到异常","time":1620634003750129993}
2021/05/10 16:06:43 {"callers":["/root/go-programming-tour-book/blog_service/pkg/logger/logger.go: 95 github.com/go-programming-tour-book/blog-service/pkg/logger.(*Logger).WithCallersFrames","/root/go-programming-tour-book/blog_service/internal/middleware/recovery.go: 28 github.com/go-programming-tour-book/blog-service/internal/middleware.Recovery.func1.1","/usr/local/go/src/runtime/panic.go: 965 runtime.gopanic","/root/go-programming-tour-book/blog_service/internal/routers/api/v1/article.go: 30 github.com/go-programming-tour-book/blog-service/internal/routers/api/v1.(*Article).Get","/usr/local/go_projects/pkg/mod/github.com/gin-gonic/gin@v1.7.1/context.go: 165 github.com/gin-gonic/gin.(*Context).Next","/root/go-programming-tour-book/blog_service/internal/middleware/jwt.go: 42 github.com/go-programming-tour-book/blog-service/internal/middleware.JWT.func1","/usr/local/go_projects/pkg/mod/github.com/gin-gonic/gin@v1.7.1/context.go: 165 github.com/gin-gonic/gin.(*Context).Next","/root/go-programming-tour-book/blog_service/internal/middleware/translations.go: 36 github.com/go-programming-tour-book/blog-service/internal/middleware.Translations.func1","/usr/local/go_projects/pkg/mod/github.com/gin-gonic/gin@v1.7.1/context.go: 165 github.com/gin-gonic/gin.(*Context).Next","/root/go-programming-tour-book/blog_service/internal/middleware/context_timeout.go: 15 github.com/go-programming-tour-book/blog-service/internal/middleware.ContextTimeout.func1","/usr/local/go_projects/pkg/mod/github.com/gin-gonic/gin@v1.7.1/context.go: 165 github.com/gin-gonic/gin.(*Context).Next","/root/go-programming-tour-book/blog_service/internal/middleware/limiter.go: 23 github.com/go-programming-tour-book/blog-service/internal/middleware.RateLimiter.func1","/usr/local/go_projects/pkg/mod/github.com/gin-gonic/gin@v1.7.1/context.go: 165 github.com/gin-gonic/gin.(*Context).Next","/root/go-programming-tour-book/blog_service/internal/middleware/recovery.go: 43 github.com/go-programming-tour-book/blog-service/internal/middleware.Recovery.func1","/usr/local/go_projects/pkg/mod/github.com/gin-gonic/gin@v1.7.1/context.go: 165 github.com/gin-gonic/gin.(*Context).Next","/root/go-programming-tour-book/blog_service/internal/middleware/access_log.go: 30 github.com/go-programming-tour-book/blog-service/internal/middleware.AccessLog.func1","/usr/local/go_projects/pkg/mod/github.com/gin-gonic/gin@v1.7.1/context.go: 165 github.com/gin-gonic/gin.(*Context).Next","/usr/local/go_projects/pkg/mod/github.com/gin-gonic/gin@v1.7.1/gin.go: 489 github.com/gin-gonic/gin.(*Engine).handleHTTPRequest","/usr/local/go_projects/pkg/mod/github.com/gin-gonic/gin@v1.7.1/gin.go: 445 github.com/gin-gonic/gin.(*Engine).ServeHTTP","/usr/local/go/src/net/http/server.go: 2887 net/http.serverHandler.ServeHTTP","/usr/local/go/src/net/http/server.go: 1952 net/http.(*conn).serve"],"level":"error","message":"panic recover err: 发出一个panic！请查看邮件是否发送成功！","time":1620634003750216726}
2021/05/10 16:06:43 {"callers":["/root/go-programming-tour-book/blog_service/main.go: 21 main.init.0"],"level":"panic","message":"mail.SendMail err: 535 Login Fail. Please enter your authorization code to login. More information in http://service.mail.qq.com/cgi-bin/help?subtype=1\u0026\u0026id=28\u0026\u0026no=1001256","time":1620634003961551776}
2021/05/10 16:06:43 {"callers":["/root/go-programming-tour-book/blog_service/main.go: 21 main.init.0"],"level":"info","message":"access log: method: GET, status_code: 500, begin_time: 1620634003, end_time: 1620634003","request":"","response":"{\"code\":10000000,\"msg\":\"服务内部错误\"}{\"code\":10000000,\"msg\":\"服务内部错误\"}","time":1620634003961661613}
2021/05/10 16:08:24 {"callers":["/root/go-programming-tour-book/blog_service/main.go: 21 main.init.0"],"level":"info","message":"zdf: go-programming-tour-book/blog-service","time":1620634104961310233}
2021/05/10 16:08:28 {"callers":["/root/go-programming-tour-book/blog_service/main.go: 21 main.init.0"],"level":"panic","message":"mail.SendMail err: 535 Login Fail. Please enter your authorization code to login. More information in http://service.mail.qq.com/cgi-bin/help?subtype=1\u0026\u0026id=28\u0026\u0026no=1001256","time":1620634108001336548}
2021/05/10 16:08:28 {"callers":["/root/go-programming-tour-book/blog_service/main.go: 21 main.init.0"],"level":"info","message":"access log: method: GET, status_code: 500, begin_time: 1620634107, end_time: 1620634108","request":"","response":"{\"code\":10000000,\"msg\":\"服务内部错误\"}{\"code\":10000000,\"msg\":\"服务内部错误\"}","time":1620634108001405617}
2021/05/10 16:24:24 {"callers":["/root/go-programming-tour-book/blog_service/main.go: 21 main.init.0"],"level":"panic","message":"mail.SendMail err: 535 Login Fail. Please enter your authorization code to login. More information in http://service.mail.qq.com/cgi-bin/help?subtype=1\u0026\u0026id=28\u0026\u0026no=1001256","time":1620635064700901452}
2021/05/10 16:24:24 {"callers":["/root/go-programming-tour-book/blog_service/main.go: 21 main.init.0"],"level":"info","message":"access log: method: GET, status_code: 500, begin_time: 1620635064, end_time: 1620635064","request":"","response":"{\"code\":10000000,\"msg\":\"服务内部错误\"}{\"code\":10000000,\"msg\":\"服务内部错误\"}","time":1620635064700981251}
2021/05/10 16:26:50 {"callers":["/root/go-programming-tour-book/blog_service/main.go: 21 main.init.0"],"level":"info","message":"zdf: go-programming-tour-book/blog-service","time":1620635210927739993}
2021/05/10 16:26:54 {"callers":["/root/go-programming-tour-book/blog_service/main.go: 21 main.init.0"],"level":"info","message":"access log: method: GET, status_code: 500, begin_time: 1620635213, end_time: 1620635214","request":"","response":"{\"code\":10000000,\"msg\":\"服务内部错误\"}{\"code\":10000000,\"msg\":\"服务内部错误\"}","time":1620635214764940514}
2021/05/10 16:32:53 {"callers":["/root/go-programming-tour-book/blog_service/main.go: 21 main.init.0"],"level":"info","message":"zdf: go-programming-tour-book/blog-service","time":1620635573262527522}
2021/05/10 16:32:56 {"callers":["/root/go-programming-tour-book/blog_service/main.go: 21 main.init.0"],"level":"info","message":"access log: method: GET, status_code: 500, begin_time: 1620635575, end_time: 1620635576","request":"","response":"{\"code\":10000000,\"msg\":\"服务内部错误\"}{\"code\":10000000,\"msg\":\"服务内部错误\"}","time":1620635576261010935}
2021/05/10 16:37:35 {"callers":["/root/go-programming-tour-book/blog_service/main.go: 21 main.init.0"],"level":"info","message":"zdf: go-programming-tour-book/blog-service","time":1620635855352014442}
2021/05/10 16:37:39 {"callers":["/root/go-programming-tour-book/blog_service/main.go: 21 main.init.0"],"level":"info","message":"access log: method: GET, status_code: 500, begin_time: 1620635858, end_time: 1620635859","request":"","response":"{\"code\":10000000,\"msg\":\"服务内部错误\"}{\"code\":10000000,\"msg\":\"服务内部错误\"}","time":1620635859573446370}
2021/05/10 16:39:00 {"callers":["/root/go-programming-tour-book/blog_service/main.go: 21 main.init.0"],"level":"info","message":"zdf: go-programming-tour-book/blog-service","time":1620635940468016991}
2021/05/10 16:39:04 {"callers":["/root/go-programming-tour-book/blog_service/main.go: 21 main.init.0"],"level":"info","message":"access log: method: GET, status_code: 500, begin_time: 1620635944, end_time: 1620635944","request":"","response":"{\"code\":10000000,\"msg\":\"服务内部错误\"}{\"code\":10000000,\"msg\":\"服务内部错误\"}","time":1620635944713806242}
2021/05/10 16:46:39 {"callers":["/root/go-programming-tour-book/blog_service/main.go: 21 main.init.0"],"level":"info","message":"zdf: go-programming-tour-book/blog-service","time":1620636399595238091}
2021/05/10 16:46:43 {"callers":["/root/go-programming-tour-book/blog_service/main.go: 21 main.init.0"],"level":"info","message":"access log: method: GET, status_code: 500, begin_time: 1620636402, end_time: 1620636403","request":"","response":"{\"code\":10000000,\"msg\":\"服务内部错误\"}{\"code\":10000000,\"msg\":\"服务内部错误\"}","time":1620636403003506453}
2021/05/10 16:49:36 {"callers":["/root/go-programming-tour-book/blog_service/main.go: 21 main.init.0"],"level":"info","message":"zdf: go-programming-tour-book/blog-service","time":1620636576418279277}
2021/05/10 16:49:39 {"callers":["/root/go-programming-tour-book/blog_service/main.go: 21 main.init.0"],"level":"info","message":"access log: method: GET, status_code: 500, begin_time: 1620636578, end_time: 1620636579","request":"","response":"{\"code\":10000000,\"msg\":\"服务内部错误\"}{\"code\":10000000,\"msg\":\"服务内部错误\"}","time":1620636579669769415}
